Starting build.rs debugging output.
Starting on a
    Derives Queue: 
Starting on animateMotion
    Derives Queue: 
Starting on circle
    Derives Queue: SVGGeometryElement
    Derives Queue: SVGGraphicsElement
    Derives Queue: SVGElement
    Derives Queue: Element
    Derives Queue: Node, EventTarget
    Derives Queue: Node
    Derives Queue: 
Starting on defs
    Derives Queue: SVGDefsElement
    Derives Queue: SVGGraphicsElement
    Derives Queue: SVGElement
    Derives Queue: Element
    Derives Queue: Node, EventTarget
    Derives Queue: Node
    Derives Queue: 
Starting on desc
    Derives Queue: SVGDescElement
    Derives Queue: SVGElement
    Derives Queue: Element
    Derives Queue: Node, EventTarget
    Derives Queue: Node
    Derives Queue: 
Starting on rect
    Derives Queue: SVGGeometryElement
    Derives Queue: SVGGraphicsElement
    Derives Queue: SVGElement
    Derives Queue: Element
    Derives Queue: Node, EventTarget
    Derives Queue: Node
    Derives Queue: 
